This file contains any messages produced by compilers while
running configure, to aid debugging if configure makes a mistake.

It was created by rtorrent configure 0.9.4, which was
generated by GNU Autoconf 2.69.  Invocation command line was

  $ ./configure 

## --------- ##
## Platform. ##
## --------- ##

hostname = ReimuHakurei
uname -m = x86_64
uname -r = 3.2.0-4-amd64
uname -s = Linux
uname -v = #1 SMP Debian 3.2.60-1+deb7u3

/usr/bin/uname -p = unknown
/bin/uname -X     = unknown

/bin/arch              = unknown
/usr/bin/arch -k       = unknown
/usr/convex/getsysinfo = unknown
/usr/bin/hostinfo      = unknown
/bin/machine           = unknown
/usr/bin/oslevel       = unknown
/bin/universe          = unknown

PATH: /usr/local/bin
PATH: /usr/bin
PATH: /bin
PATH: /usr/local/games
PATH: /usr/games


## ----------- ##
## Core tests. ##
## ----------- ##

configure:2452: checking for a BSD-compatible install
configure:2520: result: /usr/bin/install -c
configure:2531: checking whether build environment is sane
configure:2581: result: yes
configure:2722: checking for a thread-safe mkdir -p
configure:2761: result: /bin/mkdir -p
configure:2774: checking for gawk
configure:2790: found /usr/bin/gawk
configure:2801: result: gawk
configure:2812: checking whether make sets $(MAKE)
configure:2834: result: yes
configure:2950: checking for cppunit-config
configure:2968: found /usr/bin/cppunit-config
configure:2981: result: /usr/bin/cppunit-config
configure:2991: checking for Cppunit - version >= 1.9.6
configure:3037: result: 1.12.1
configure:3116: checking for g++
configure:3132: found /usr/bin/g++
configure:3143: result: g++
configure:3170: checking for C++ compiler version
configure:3179: g++ --version >&5
g++ (Debian 4.7.2-5) 4.7.2
Copyright (C) 2012 Free Software Foundation, Inc.
This is free software; see the source for copying conditions.  There is NO
warranty; not even for MERCHANTABILITY or FITNESS FOR A PARTICULAR PURPOSE.

configure:3190: $? = 0
configure:3179: g++ -v >&5
Using built-in specs.
COLLECT_GCC=g++
COLLECT_LTO_WRAPPER=/usr/lib/gcc/x86_64-linux-gnu/4.7/lto-wrapper
Target: x86_64-linux-gnu
Configured with: ../src/configure -v --with-pkgversion='Debian 4.7.2-5' --with-bugurl=file:///usr/share/doc/gcc-4.7/README.Bugs --enable-languages=c,c++,go,fortran,objc,obj-c++ --prefix=/usr --program-suffix=-4.7 --enable-shared --enable-linker-build-id --with-system-zlib --libexecdir=/usr/lib --without-included-gettext --enable-threads=posix --with-gxx-include-dir=/usr/include/c++/4.7 --libdir=/usr/lib --enable-nls --with-sysroot=/ --enable-clocale=gnu --enable-libstdcxx-debug --enable-libstdcxx-time=yes --enable-gnu-unique-object --enable-plugin --enable-objc-gc --with-arch-32=i586 --with-tune=generic --enable-checking=release --build=x86_64-linux-gnu --host=x86_64-linux-gnu --target=x86_64-linux-gnu
Thread model: posix
gcc version 4.7.2 (Debian 4.7.2-5) 
configure:3190: $? = 0
configure:3179: g++ -V >&5
g++: error: unrecognized command line option '-V'
g++: fatal error: no input files
compilation terminated.
configure:3190: $? = 4
configure:3179: g++ -qversion >&5
g++: error: unrecognized command line option '-qversion'
g++: fatal error: no input files
compilation terminated.
configure:3190: $? = 4
configure:3210: checking whether the C++ compiler works
configure:3232: g++    conftest.cpp  >&5
configure:3236: $? = 0
configure:3284: result: yes
configure:3287: checking for C++ compiler default output file name
configure:3289: result: a.out
configure:3295: checking for suffix of executables
configure:3302: g++ -o conftest    conftest.cpp  >&5
configure:3306: $? = 0
configure:3328: result: 
configure:3350: checking whether we are cross compiling
configure:3358: g++ -o conftest    conftest.cpp  >&5
configure:3362: $? = 0
configure:3369: ./conftest
configure:3373: $? = 0
configure:3388: result: no
configure:3393: checking for suffix of object files
configure:3415: g++ -c   conftest.cpp >&5
configure:3419: $? = 0
configure:3440: result: o
configure:3444: checking whether we are using the GNU C++ compiler
configure:3463: g++ -c   conftest.cpp >&5
configure:3463: $? = 0
configure:3472: result: yes
configure:3481: checking whether g++ accepts -g
configure:3501: g++ -c -g  conftest.cpp >&5
configure:3501: $? = 0
configure:3542: result: yes
configure:3576: checking for style of include used by make
configure:3604: result: GNU
configure:3630: checking dependency style of g++
configure:3741: result: gcc3
configure:3785: checking build system type
configure:3799: result: x86_64-unknown-linux-gnu
configure:3819: checking host system type
configure:3832: result: x86_64-unknown-linux-gnu
configure:3873: checking how to print strings
configure:3900: result: printf
configure:3969: checking for gcc
configure:3985: found /usr/bin/gcc
configure:3996: result: gcc
configure:4225: checking for C compiler version
configure:4234: gcc --version >&5
gcc (Debian 4.7.2-5) 4.7.2
Copyright (C) 2012 Free Software Foundation, Inc.
This is free software; see the source for copying conditions.  There is NO
warranty; not even for MERCHANTABILITY or FITNESS FOR A PARTICULAR PURPOSE.

configure:4245: $? = 0
configure:4234: gcc -v >&5
Using built-in specs.
COLLECT_GCC=gcc
COLLECT_LTO_WRAPPER=/usr/lib/gcc/x86_64-linux-gnu/4.7/lto-wrapper
Target: x86_64-linux-gnu
Configured with: ../src/configure -v --with-pkgversion='Debian 4.7.2-5' --with-bugurl=file:///usr/share/doc/gcc-4.7/README.Bugs --enable-languages=c,c++,go,fortran,objc,obj-c++ --prefix=/usr --program-suffix=-4.7 --enable-shared --enable-linker-build-id --with-system-zlib --libexecdir=/usr/lib --without-included-gettext --enable-threads=posix --with-gxx-include-dir=/usr/include/c++/4.7 --libdir=/usr/lib --enable-nls --with-sysroot=/ --enable-clocale=gnu --enable-libstdcxx-debug --enable-libstdcxx-time=yes --enable-gnu-unique-object --enable-plugin --enable-objc-gc --with-arch-32=i586 --with-tune=generic --enable-checking=release --build=x86_64-linux-gnu --host=x86_64-linux-gnu --target=x86_64-linux-gnu
Thread model: posix
gcc version 4.7.2 (Debian 4.7.2-5) 
configure:4245: $? = 0
configure:4234: gcc -V >&5
gcc: error: unrecognized command line option '-V'
gcc: fatal error: no input files
compilation terminated.
configure:4245: $? = 4
configure:4234: gcc -qversion >&5
gcc: error: unrecognized command line option '-qversion'
gcc: fatal error: no input files
compilation terminated.
configure:4245: $? = 4
configure:4249: checking whether we are using the GNU C compiler
configure:4268: gcc -c   conftest.c >&5
configure:4268: $? = 0
configure:4277: result: yes
configure:4286: checking whether gcc accepts -g
configure:4306: gcc -c -g  conftest.c >&5
configure:4306: $? = 0
configure:4347: result: yes
configure:4364: checking for gcc option to accept ISO C89
configure:4427: gcc  -c -g -O2  conftest.c >&5
configure:4427: $? = 0
configure:4440: result: none needed
configure:4462: checking dependency style of gcc
configure:4573: result: gcc3
configure:4588: checking for a sed that does not truncate output
configure:4652: result: /bin/sed
configure:4670: checking for grep that handles long lines and -e
configure:4728: result: /bin/grep
configure:4733: checking for egrep
configure:4795: result: /bin/grep -E
configure:4800: checking for fgrep
configure:4862: result: /bin/grep -F
configure:4897: checking for ld used by gcc
configure:4964: result: /usr/bin/ld
configure:4971: checking if the linker (/usr/bin/ld) is GNU ld
configure:4986: result: yes
configure:4998: checking for BSD- or MS-compatible name lister (nm)
configure:5047: result: /usr/bin/nm -B
configure:5177: checking the name lister (/usr/bin/nm -B) interface
configure:5184: gcc -c -g -O2  conftest.c >&5
configure:5187: /usr/bin/nm -B "conftest.o"
configure:5190: output
0000000000000000 B some_variable
configure:5197: result: BSD nm
configure:5200: checking whether ln -s works
configure:5204: result: yes
configure:5212: checking the maximum length of command line arguments
configure:5342: result: 1572864
configure:5359: checking whether the shell understands some XSI constructs
configure:5369: result: yes
configure:5373: checking whether the shell understands "+="
configure:5379: result: yes
configure:5414: checking how to convert x86_64-unknown-linux-gnu file names to x86_64-unknown-linux-gnu format
configure:5454: result: func_convert_file_noop
configure:5461: checking how to convert x86_64-unknown-linux-gnu file names to toolchain format
configure:5481: result: func_convert_file_noop
configure:5488: checking for /usr/bin/ld option to reload object files
configure:5495: result: -r
configure:5569: checking for objdump
configure:5585: found /usr/bin/objdump
configure:5596: result: objdump
configure:5628: checking how to recognize dependent libraries
configure:5826: result: pass_all
configure:5911: checking for dlltool
configure:5941: result: no
configure:5971: checking how to associate runtime and link libraries
configure:5998: result: printf %s\n
configure:6059: checking for ar
configure:6075: found /usr/bin/ar
configure:6086: result: ar
configure:6123: checking for archiver @FILE support
configure:6140: gcc -c -g -O2  conftest.c >&5
configure:6140: $? = 0
configure:6143: ar cru libconftest.a @conftest.lst >&5
configure:6146: $? = 0
configure:6151: ar cru libconftest.a @conftest.lst >&5
ar: conftest.o: No such file or directory
configure:6154: $? = 1
configure:6166: result: @
configure:6224: checking for strip
configure:6240: found /usr/bin/strip
configure:6251: result: strip
configure:6323: checking for ranlib
configure:6339: found /usr/bin/ranlib
configure:6350: result: ranlib
configure:6452: checking command to parse /usr/bin/nm -B output from gcc object
configure:6572: gcc -c -g -O2  conftest.c >&5
configure:6575: $? = 0
configure:6579: /usr/bin/nm -B conftest.o \| sed -n -e 's/^.*[ ]\([ABCDGIRSTW][ABCDGIRSTW]*\)[ ][ ]*\([_A-Za-z][_A-Za-z0-9]*\)$/\1 \2 \2/p' | sed '/ __gnu_lto/d' \> conftest.nm
configure:6582: $? = 0
configure:6648: gcc -o conftest -g -O2   conftest.c conftstm.o >&5
configure:6651: $? = 0
configure:6689: result: ok
configure:6726: checking for sysroot
configure:6756: result: no
configure:6833: gcc -c -g -O2  conftest.c >&5
configure:6836: $? = 0
configure:7012: checking for mt
configure:7028: found /bin/mt
configure:7039: result: mt
configure:7062: checking if mt is a manifest tool
configure:7068: mt '-?'
configure:7076: result: no
configure:7718: checking how to run the C preprocessor
configure:7749: gcc -E  conftest.c
configure:7749: $? = 0
configure:7763: gcc -E  conftest.c
conftest.c:12:28: fatal error: ac_nonexistent.h: No such file or directory
compilation terminated.
configure:7763: $? = 1
configure: failed program was:
| /* confdefs.h */
| #define PACKAGE_NAME "rtorrent"
| #define PACKAGE_TARNAME "rtorrent"
| #define PACKAGE_VERSION "0.9.4"
| #define PACKAGE_STRING "rtorrent 0.9.4"
| #define PACKAGE_BUGREPORT "sundell.software@gmail.com"
| #define PACKAGE_URL ""
| #define API_VERSION 8
| #define PACKAGE "rtorrent"
| #define VERSION "0.9.4"
| /* end confdefs.h.  */
| #include <ac_nonexistent.h>
configure:7788: result: gcc -E
configure:7808: gcc -E  conftest.c
configure:7808: $? = 0
configure:7822: gcc -E  conftest.c
conftest.c:12:28: fatal error: ac_nonexistent.h: No such file or directory
compilation terminated.
configure:7822: $? = 1
configure: failed program was:
| /* confdefs.h */
| #define PACKAGE_NAME "rtorrent"
| #define PACKAGE_TARNAME "rtorrent"
| #define PACKAGE_VERSION "0.9.4"
| #define PACKAGE_STRING "rtorrent 0.9.4"
| #define PACKAGE_BUGREPORT "sundell.software@gmail.com"
| #define PACKAGE_URL ""
| #define API_VERSION 8
| #define PACKAGE "rtorrent"
| #define VERSION "0.9.4"
| /* end confdefs.h.  */
| #include <ac_nonexistent.h>
configure:7851: checking for ANSI C header files
configure:7871: gcc -c -g -O2  conftest.c >&5
configure:7871: $? = 0
configure:7944: gcc -o conftest -g -O2   conftest.c  >&5
configure:7944: $? = 0
configure:7944: ./conftest
configure:7944: $? = 0
configure:7955: result: yes
configure:7968: checking for sys/types.h
configure:7968: gcc -c -g -O2  conftest.c >&5
configure:7968: $? = 0
configure:7968: result: yes
configure:7968: checking for sys/stat.h
configure:7968: gcc -c -g -O2  conftest.c >&5
configure:7968: $? = 0
configure:7968: result: yes
configure:7968: checking for stdlib.h
configure:7968: gcc -c -g -O2  conftest.c >&5
configure:7968: $? = 0
configure:7968: result: yes
configure:7968: checking for string.h
configure:7968: gcc -c -g -O2  conftest.c >&5
configure:7968: $? = 0
configure:7968: result: yes
configure:7968: checking for memory.h
configure:7968: gcc -c -g -O2  conftest.c >&5
configure:7968: $? = 0
configure:7968: result: yes
configure:7968: checking for strings.h
configure:7968: gcc -c -g -O2  conftest.c >&5
configure:7968: $? = 0
configure:7968: result: yes
configure:7968: checking for inttypes.h
configure:7968: gcc -c -g -O2  conftest.c >&5
configure:7968: $? = 0
configure:7968: result: yes
configure:7968: checking for stdint.h
configure:7968: gcc -c -g -O2  conftest.c >&5
configure:7968: $? = 0
configure:7968: result: yes
configure:7968: checking for unistd.h
configure:7968: gcc -c -g -O2  conftest.c >&5
configure:7968: $? = 0
configure:7968: result: yes
configure:7982: checking for dlfcn.h
configure:7982: gcc -c -g -O2  conftest.c >&5
configure:7982: $? = 0
configure:7982: result: yes
configure:8199: checking for objdir
configure:8214: result: .libs
configure:8481: checking if gcc supports -fno-rtti -fno-exceptions
configure:8499: gcc -c -g -O2  -fno-rtti -fno-exceptions conftest.c >&5
cc1: warning: command line option '-fno-rtti' is valid for C++/ObjC++ but not for C [enabled by default]
configure:8503: $? = 0
configure:8516: result: no
configure:8843: checking for gcc option to produce PIC
configure:8850: result: -fPIC -DPIC
configure:8858: checking if gcc PIC flag -fPIC -DPIC works
configure:8876: gcc -c -g -O2  -fPIC -DPIC -DPIC conftest.c >&5
configure:8880: $? = 0
configure:8893: result: yes
configure:8922: checking if gcc static flag -static works
configure:8950: result: yes
configure:8965: checking if gcc supports -c -o file.o
configure:8986: gcc -c -g -O2  -o out/conftest2.o conftest.c >&5
configure:8990: $? = 0
configure:9012: result: yes
configure:9020: checking if gcc supports -c -o file.o
configure:9067: result: yes
configure:9100: checking whether the gcc linker (/usr/bin/ld -m elf_x86_64) supports shared libraries
configure:10257: result: yes
configure:10294: checking whether -lc should be explicitly linked in
configure:10302: gcc -c -g -O2  conftest.c >&5
configure:10305: $? = 0
configure:10320: gcc -shared  -fPIC -DPIC conftest.o  -v -Wl,-soname -Wl,conftest -o conftest 2\>\&1 \| /bin/grep  -lc  \>/dev/null 2\>\&1
configure:10323: $? = 0
configure:10337: result: no
configure:10497: checking dynamic linker characteristics
configure:10997: gcc -o conftest -g -O2   -Wl,-rpath -Wl,/foo conftest.c  >&5
configure:10997: $? = 0
configure:11231: result: GNU/Linux ld.so
configure:11338: checking how to hardcode library paths into programs
configure:11363: result: immediate
configure:11903: checking whether stripping libraries is possible
configure:11908: result: yes
configure:11943: checking if libtool supports shared libraries
configure:11945: result: yes
configure:11948: checking whether to build shared libraries
configure:11969: result: yes
configure:11972: checking whether to build static libraries
configure:11976: result: yes
configure:11999: checking how to run the C++ preprocessor
configure:12026: g++ -E  conftest.cpp
configure:12026: $? = 0
configure:12040: g++ -E  conftest.cpp
conftest.cpp:24:28: fatal error: ac_nonexistent.h: No such file or directory
compilation terminated.
configure:12040: $? = 1
configure: failed program was:
| /* confdefs.h */
| #define PACKAGE_NAME "rtorrent"
| #define PACKAGE_TARNAME "rtorrent"
| #define PACKAGE_VERSION "0.9.4"
| #define PACKAGE_STRING "rtorrent 0.9.4"
| #define PACKAGE_BUGREPORT "sundell.software@gmail.com"
| #define PACKAGE_URL ""
| #define API_VERSION 8
| #define PACKAGE "rtorrent"
| #define VERSION "0.9.4"
| #define STDC_HEADERS 1
| #define HAVE_SYS_TYPES_H 1
| #define HAVE_SYS_STAT_H 1
| #define HAVE_STDLIB_H 1
| #define HAVE_STRING_H 1
| #define HAVE_MEMORY_H 1
| #define HAVE_STRINGS_H 1
| #define HAVE_INTTYPES_H 1
| #define HAVE_STDINT_H 1
| #define HAVE_UNISTD_H 1
| #define HAVE_DLFCN_H 1
| #define LT_OBJDIR ".libs/"
| /* end confdefs.h.  */
| #include <ac_nonexistent.h>
configure:12065: result: g++ -E
configure:12085: g++ -E  conftest.cpp
configure:12085: $? = 0
configure:12099: g++ -E  conftest.cpp
conftest.cpp:24:28: fatal error: ac_nonexistent.h: No such file or directory
compilation terminated.
configure:12099: $? = 1
configure: failed program was:
| /* confdefs.h */
| #define PACKAGE_NAME "rtorrent"
| #define PACKAGE_TARNAME "rtorrent"
| #define PACKAGE_VERSION "0.9.4"
| #define PACKAGE_STRING "rtorrent 0.9.4"
| #define PACKAGE_BUGREPORT "sundell.software@gmail.com"
| #define PACKAGE_URL ""
| #define API_VERSION 8
| #define PACKAGE "rtorrent"
| #define VERSION "0.9.4"
| #define STDC_HEADERS 1
| #define HAVE_SYS_TYPES_H 1
| #define HAVE_SYS_STAT_H 1
| #define HAVE_STDLIB_H 1
| #define HAVE_STRING_H 1
| #define HAVE_MEMORY_H 1
| #define HAVE_STRINGS_H 1
| #define HAVE_INTTYPES_H 1
| #define HAVE_STDINT_H 1
| #define HAVE_UNISTD_H 1
| #define HAVE_DLFCN_H 1
| #define LT_OBJDIR ".libs/"
| /* end confdefs.h.  */
| #include <ac_nonexistent.h>
configure:12268: checking for ld used by g++
configure:12335: result: /usr/bin/ld -m elf_x86_64
configure:12342: checking if the linker (/usr/bin/ld -m elf_x86_64) is GNU ld
configure:12357: result: yes
configure:12412: checking whether the g++ linker (/usr/bin/ld -m elf_x86_64) supports shared libraries
configure:13414: result: yes
configure:13450: g++ -c -g -O2  conftest.cpp >&5
configure:13453: $? = 0
configure:13973: checking for g++ option to produce PIC
configure:13980: result: -fPIC -DPIC
configure:13988: checking if g++ PIC flag -fPIC -DPIC works
configure:14006: g++ -c -g -O2  -fPIC -DPIC -DPIC conftest.cpp >&5
configure:14010: $? = 0
configure:14023: result: yes
configure:14046: checking if g++ static flag -static works
configure:14074: result: yes
configure:14086: checking if g++ supports -c -o file.o
configure:14107: g++ -c -g -O2  -o out/conftest2.o conftest.cpp >&5
configure:14111: $? = 0
configure:14133: result: yes
configure:14138: checking if g++ supports -c -o file.o
configure:14185: result: yes
configure:14215: checking whether the g++ linker (/usr/bin/ld -m elf_x86_64) supports shared libraries
configure:14254: result: yes
configure:14395: checking dynamic linker characteristics
configure:15063: result: GNU/Linux ld.so
configure:15116: checking how to hardcode library paths into programs
configure:15141: result: immediate
configure:15205: checking for user-defined CXXFLAGS
configure:15209: result: user-defined "-g -O2"
configure:15321: checking for TR1 support
configure:15332: g++ -c -g -O2 -g -DDEBUG  conftest.cpp >&5
configure:15332: $? = 0
configure:15334: result: yes
configure:15426: checking for C++11 support
configure:15440: g++ -c -g -O2 -g -DDEBUG  conftest.cpp >&5
In file included from /usr/include/c++/4.7/unordered_map:35:0,
                 from conftest.cpp:27:
/usr/include/c++/4.7/bits/c++0x_warning.h:32:2: error: #error This file requires compiler and library support for the ISO C++ 2011 standard. This support is currently experimental, and must be enabled with the -std=c++11 or -std=gnu++11 compiler options.
conftest.cpp:29:15: error: 'unordered_map' in namespace 'std' does not name a type
conftest.cpp:31:20: error: 'Bar' does not name a type
configure:15440: $? = 1
configure: failed program was:
| /* confdefs.h */
| #define PACKAGE_NAME "rtorrent"
| #define PACKAGE_TARNAME "rtorrent"
| #define PACKAGE_VERSION "0.9.4"
| #define PACKAGE_STRING "rtorrent 0.9.4"
| #define PACKAGE_BUGREPORT "sundell.software@gmail.com"
| #define PACKAGE_URL ""
| #define API_VERSION 8
| #define PACKAGE "rtorrent"
| #define VERSION "0.9.4"
| #define STDC_HEADERS 1
| #define HAVE_SYS_TYPES_H 1
| #define HAVE_SYS_STAT_H 1
| #define HAVE_STDLIB_H 1
| #define HAVE_STRING_H 1
| #define HAVE_MEMORY_H 1
| #define HAVE_STRINGS_H 1
| #define HAVE_INTTYPES_H 1
| #define HAVE_STDINT_H 1
| #define HAVE_UNISTD_H 1
| #define HAVE_DLFCN_H 1
| #define LT_OBJDIR ".libs/"
| #define HAVE_TR1 1
| /* end confdefs.h.  */
| 
|       #include <functional>
|       #include <unordered_map>
|       class Foo;
|       typedef std::unordered_map<Foo*, int> Bar;
| 
|       union test { Bar b1; };
| 
configure:15450: result: no
configure:15491: checking for special C compiler options needed for large files
configure:15536: result: no
configure:15542: checking for _FILE_OFFSET_BITS value needed for large files
configure:15567: gcc -c -g -O2  conftest.c >&5
configure:15567: $? = 0
configure:15599: result: no
configure:15686: checking for execinfo.h
configure:15702: gcc -o conftest -g -O2   conftest.c  >&5
conftest.c: In function 'main':
conftest.c:27:7: warning: passing argument 1 of 'backtrace_symbols' from incompatible pointer type [enabled by default]
In file included from conftest.c:26:0:
/usr/include/execinfo.h:33:15: note: expected 'void * const*' but argument is of type 'char **'
configure:15702: $? = 0
configure:15702: ./conftest
configure:15702: $? = 0
configure:15704: result: yes
configure:15728: checking for proper overloaded template function disambiguation
configure:15739: g++ -c -g -O2 -g -DDEBUG  conftest.cpp >&5
configure:15739: $? = 0
configure:15741: result: yes
configure:15794: checking for sysroot
configure:15798: result: no
configure:15930: checking sys/vfs.h usability
configure:15930: gcc -c -g -O2  conftest.c >&5
configure:15930: $? = 0
configure:15930: result: yes
configure:15930: checking sys/vfs.h presence
configure:15930: gcc -E  conftest.c
configure:15930: $? = 0
configure:15930: result: yes
configure:15930: checking for sys/vfs.h
configure:15930: result: yes
configure:15930: checking sys/statvfs.h usability
configure:15930: gcc -c -g -O2  conftest.c >&5
configure:15930: $? = 0
configure:15930: result: yes
configure:15930: checking sys/statvfs.h presence
configure:15930: gcc -E  conftest.c
configure:15930: $? = 0
configure:15930: result: yes
configure:15930: checking for sys/statvfs.h
configure:15930: result: yes
configure:15930: checking sys/statfs.h usability
configure:15930: gcc -c -g -O2  conftest.c >&5
configure:15930: $? = 0
configure:15930: result: yes
configure:15930: checking sys/statfs.h presence
configure:15930: gcc -E  conftest.c
configure:15930: $? = 0
configure:15930: result: yes
configure:15930: checking for sys/statfs.h
configure:15930: result: yes
configure:15941: checking for statvfs
configure:15969: gcc -o conftest -g -O2   conftest.c  >&5
configure:15969: $? = 0
configure:15989: result: ok
configure:16340: checking whether pthreads work without any flags
configure:16433: gcc -o conftest -g -O2    conftest.c   >&5
/tmp/cc8iv8QQ.o: In function `main':
/home/ken/wibed/src/rtorrent-0.9.4/conftest.c:43: undefined reference to `pthread_create'
/home/ken/wibed/src/rtorrent-0.9.4/conftest.c:44: undefined reference to `pthread_join'
/home/ken/wibed/src/rtorrent-0.9.4/conftest.c:46: undefined reference to `__pthread_register_cancel'
/home/ken/wibed/src/rtorrent-0.9.4/conftest.c:47: undefined reference to `__pthread_unregister_cancel'
collect2: error: ld returned 1 exit status
configure:16433: $? = 1
configure: failed program was:
| /* confdefs.h */
| #define PACKAGE_NAME "rtorrent"
| #define PACKAGE_TARNAME "rtorrent"
| #define PACKAGE_VERSION "0.9.4"
| #define PACKAGE_STRING "rtorrent 0.9.4"
| #define PACKAGE_BUGREPORT "sundell.software@gmail.com"
| #define PACKAGE_URL ""
| #define API_VERSION 8
| #define PACKAGE "rtorrent"
| #define VERSION "0.9.4"
| #define STDC_HEADERS 1
| #define HAVE_SYS_TYPES_H 1
| #define HAVE_SYS_STAT_H 1
| #define HAVE_STDLIB_H 1
| #define HAVE_STRING_H 1
| #define HAVE_MEMORY_H 1
| #define HAVE_STRINGS_H 1
| #define HAVE_INTTYPES_H 1
| #define HAVE_STDINT_H 1
| #define HAVE_UNISTD_H 1
| #define HAVE_DLFCN_H 1
| #define LT_OBJDIR ".libs/"
| #define HAVE_TR1 1
| #define USE_EXECINFO 1
| #define USE_VARIABLE_FDSET 1
| #define HAVE_SYS_VFS_H 1
| #define HAVE_SYS_STATVFS_H 1
| #define HAVE_SYS_STATFS_H 1
| #define FS_STAT_FD fstatvfs(fd, &m_stat) == 0
| #define FS_STAT_FN statvfs(fn, &m_stat) == 0
| #define FS_STAT_STRUCT struct statvfs
| #define FS_STAT_SIZE_TYPE unsigned long
| #define FS_STAT_COUNT_TYPE fsblkcnt_t
| #define FS_STAT_BLOCK_SIZE (m_stat.f_frsize)
| /* end confdefs.h.  */
| #include <pthread.h>
|                         static void routine(void *a) { a = 0; }
|                         static void *start_routine(void *a) { return a; }
| int
| main ()
| {
| pthread_t th; pthread_attr_t attr;
|                         pthread_create(&th, 0, start_routine, 0);
|                         pthread_join(th, 0);
|                         pthread_attr_init(&attr);
|                         pthread_cleanup_push(routine, 0);
|                         pthread_cleanup_pop(0) /* ; */
|   ;
|   return 0;
| }
configure:16442: result: no
configure:16395: checking for the pthreads library -lpthreads
configure:16433: gcc -o conftest -g -O2    conftest.c -lpthreads  >&5
/usr/bin/ld: cannot find -lpthreads
collect2: error: ld returned 1 exit status
configure:16433: $? = 1
configure: failed program was:
| /* confdefs.h */
| #define PACKAGE_NAME "rtorrent"
| #define PACKAGE_TARNAME "rtorrent"
| #define PACKAGE_VERSION "0.9.4"
| #define PACKAGE_STRING "rtorrent 0.9.4"
| #define PACKAGE_BUGREPORT "sundell.software@gmail.com"
| #define PACKAGE_URL ""
| #define API_VERSION 8
| #define PACKAGE "rtorrent"
| #define VERSION "0.9.4"
| #define STDC_HEADERS 1
| #define HAVE_SYS_TYPES_H 1
| #define HAVE_SYS_STAT_H 1
| #define HAVE_STDLIB_H 1
| #define HAVE_STRING_H 1
| #define HAVE_MEMORY_H 1
| #define HAVE_STRINGS_H 1
| #define HAVE_INTTYPES_H 1
| #define HAVE_STDINT_H 1
| #define HAVE_UNISTD_H 1
| #define HAVE_DLFCN_H 1
| #define LT_OBJDIR ".libs/"
| #define HAVE_TR1 1
| #define USE_EXECINFO 1
| #define USE_VARIABLE_FDSET 1
| #define HAVE_SYS_VFS_H 1
| #define HAVE_SYS_STATVFS_H 1
| #define HAVE_SYS_STATFS_H 1
| #define FS_STAT_FD fstatvfs(fd, &m_stat) == 0
| #define FS_STAT_FN statvfs(fn, &m_stat) == 0
| #define FS_STAT_STRUCT struct statvfs
| #define FS_STAT_SIZE_TYPE unsigned long
| #define FS_STAT_COUNT_TYPE fsblkcnt_t
| #define FS_STAT_BLOCK_SIZE (m_stat.f_frsize)
| /* end confdefs.h.  */
| #include <pthread.h>
|                         static void routine(void *a) { a = 0; }
|                         static void *start_routine(void *a) { return a; }
| int
| main ()
| {
| pthread_t th; pthread_attr_t attr;
|                         pthread_create(&th, 0, start_routine, 0);
|                         pthread_join(th, 0);
|                         pthread_attr_init(&attr);
|                         pthread_cleanup_push(routine, 0);
|                         pthread_cleanup_pop(0) /* ; */
|   ;
|   return 0;
| }
configure:16442: result: no
configure:16345: checking whether pthreads work with -Kthread
configure:16433: gcc -o conftest -g -O2 -Kthread   conftest.c   >&5
gcc: error: unrecognized command line option '-Kthread'
configure:16433: $? = 1
configure: failed program was:
| /* confdefs.h */
| #define PACKAGE_NAME "rtorrent"
| #define PACKAGE_TARNAME "rtorrent"
| #define PACKAGE_VERSION "0.9.4"
| #define PACKAGE_STRING "rtorrent 0.9.4"
| #define PACKAGE_BUGREPORT "sundell.software@gmail.com"
| #define PACKAGE_URL ""
| #define API_VERSION 8
| #define PACKAGE "rtorrent"
| #define VERSION "0.9.4"
| #define STDC_HEADERS 1
| #define HAVE_SYS_TYPES_H 1
| #define HAVE_SYS_STAT_H 1
| #define HAVE_STDLIB_H 1
| #define HAVE_STRING_H 1
| #define HAVE_MEMORY_H 1
| #define HAVE_STRINGS_H 1
| #define HAVE_INTTYPES_H 1
| #define HAVE_STDINT_H 1
| #define HAVE_UNISTD_H 1
| #define HAVE_DLFCN_H 1
| #define LT_OBJDIR ".libs/"
| #define HAVE_TR1 1
| #define USE_EXECINFO 1
| #define USE_VARIABLE_FDSET 1
| #define HAVE_SYS_VFS_H 1
| #define HAVE_SYS_STATVFS_H 1
| #define HAVE_SYS_STATFS_H 1
| #define FS_STAT_FD fstatvfs(fd, &m_stat) == 0
| #define FS_STAT_FN statvfs(fn, &m_stat) == 0
| #define FS_STAT_STRUCT struct statvfs
| #define FS_STAT_SIZE_TYPE unsigned long
| #define FS_STAT_COUNT_TYPE fsblkcnt_t
| #define FS_STAT_BLOCK_SIZE (m_stat.f_frsize)
| /* end confdefs.h.  */
| #include <pthread.h>
|                         static void routine(void *a) { a = 0; }
|                         static void *start_routine(void *a) { return a; }
| int
| main ()
| {
| pthread_t th; pthread_attr_t attr;
|                         pthread_create(&th, 0, start_routine, 0);
|                         pthread_join(th, 0);
|                         pthread_attr_init(&attr);
|                         pthread_cleanup_push(routine, 0);
|                         pthread_cleanup_pop(0) /* ; */
|   ;
|   return 0;
| }
configure:16442: result: no
configure:16345: checking whether pthreads work with -kthread
configure:16433: gcc -o conftest -g -O2 -kthread   conftest.c   >&5
gcc: error: unrecognized command line option '-kthread'
configure:16433: $? = 1
configure: failed program was:
| /* confdefs.h */
| #define PACKAGE_NAME "rtorrent"
| #define PACKAGE_TARNAME "rtorrent"
| #define PACKAGE_VERSION "0.9.4"
| #define PACKAGE_STRING "rtorrent 0.9.4"
| #define PACKAGE_BUGREPORT "sundell.software@gmail.com"
| #define PACKAGE_URL ""
| #define API_VERSION 8
| #define PACKAGE "rtorrent"
| #define VERSION "0.9.4"
| #define STDC_HEADERS 1
| #define HAVE_SYS_TYPES_H 1
| #define HAVE_SYS_STAT_H 1
| #define HAVE_STDLIB_H 1
| #define HAVE_STRING_H 1
| #define HAVE_MEMORY_H 1
| #define HAVE_STRINGS_H 1
| #define HAVE_INTTYPES_H 1
| #define HAVE_STDINT_H 1
| #define HAVE_UNISTD_H 1
| #define HAVE_DLFCN_H 1
| #define LT_OBJDIR ".libs/"
| #define HAVE_TR1 1
| #define USE_EXECINFO 1
| #define USE_VARIABLE_FDSET 1
| #define HAVE_SYS_VFS_H 1
| #define HAVE_SYS_STATVFS_H 1
| #define HAVE_SYS_STATFS_H 1
| #define FS_STAT_FD fstatvfs(fd, &m_stat) == 0
| #define FS_STAT_FN statvfs(fn, &m_stat) == 0
| #define FS_STAT_STRUCT struct statvfs
| #define FS_STAT_SIZE_TYPE unsigned long
| #define FS_STAT_COUNT_TYPE fsblkcnt_t
| #define FS_STAT_BLOCK_SIZE (m_stat.f_frsize)
| /* end confdefs.h.  */
| #include <pthread.h>
|                         static void routine(void *a) { a = 0; }
|                         static void *start_routine(void *a) { return a; }
| int
| main ()
| {
| pthread_t th; pthread_attr_t attr;
|                         pthread_create(&th, 0, start_routine, 0);
|                         pthread_join(th, 0);
|                         pthread_attr_init(&attr);
|                         pthread_cleanup_push(routine, 0);
|                         pthread_cleanup_pop(0) /* ; */
|   ;
|   return 0;
| }
configure:16442: result: no
configure:16395: checking for the pthreads library -llthread
configure:16433: gcc -o conftest -g -O2    conftest.c -llthread  >&5
/usr/bin/ld: cannot find -llthread
collect2: error: ld returned 1 exit status
configure:16433: $? = 1
configure: failed program was:
| /* confdefs.h */
| #define PACKAGE_NAME "rtorrent"
| #define PACKAGE_TARNAME "rtorrent"
| #define PACKAGE_VERSION "0.9.4"
| #define PACKAGE_STRING "rtorrent 0.9.4"
| #define PACKAGE_BUGREPORT "sundell.software@gmail.com"
| #define PACKAGE_URL ""
| #define API_VERSION 8
| #define PACKAGE "rtorrent"
| #define VERSION "0.9.4"
| #define STDC_HEADERS 1
| #define HAVE_SYS_TYPES_H 1
| #define HAVE_SYS_STAT_H 1
| #define HAVE_STDLIB_H 1
| #define HAVE_STRING_H 1
| #define HAVE_MEMORY_H 1
| #define HAVE_STRINGS_H 1
| #define HAVE_INTTYPES_H 1
| #define HAVE_STDINT_H 1
| #define HAVE_UNISTD_H 1
| #define HAVE_DLFCN_H 1
| #define LT_OBJDIR ".libs/"
| #define HAVE_TR1 1
| #define USE_EXECINFO 1
| #define USE_VARIABLE_FDSET 1
| #define HAVE_SYS_VFS_H 1
| #define HAVE_SYS_STATVFS_H 1
| #define HAVE_SYS_STATFS_H 1
| #define FS_STAT_FD fstatvfs(fd, &m_stat) == 0
| #define FS_STAT_FN statvfs(fn, &m_stat) == 0
| #define FS_STAT_STRUCT struct statvfs
| #define FS_STAT_SIZE_TYPE unsigned long
| #define FS_STAT_COUNT_TYPE fsblkcnt_t
| #define FS_STAT_BLOCK_SIZE (m_stat.f_frsize)
| /* end confdefs.h.  */
| #include <pthread.h>
|                         static void routine(void *a) { a = 0; }
|                         static void *start_routine(void *a) { return a; }
| int
| main ()
| {
| pthread_t th; pthread_attr_t attr;
|                         pthread_create(&th, 0, start_routine, 0);
|                         pthread_join(th, 0);
|                         pthread_attr_init(&attr);
|                         pthread_cleanup_push(routine, 0);
|                         pthread_cleanup_pop(0) /* ; */
|   ;
|   return 0;
| }
configure:16442: result: no
configure:16345: checking whether pthreads work with -pthread
configure:16433: gcc -o conftest -g -O2 -pthread   conftest.c   >&5
configure:16433: $? = 0
configure:16442: result: yes
configure:16461: checking for joinable pthread attribute
configure:16476: gcc -o conftest -g -O2 -pthread   conftest.c   >&5
configure:16476: $? = 0
configure:16482: result: PTHREAD_CREATE_JOINABLE
configure:16492: checking if more special flags are required for pthreads
configure:16506: result: no
configure:16512: checking for PTHREAD_PRIO_INHERIT
configure:16530: gcc -o conftest -g -O2 -pthread   conftest.c   >&5
conftest.c: In function 'main':
conftest.c:41:9: error: 'PTHREAD_PRIO_INHERIT' undeclared (first use in this function)
conftest.c:41:9: note: each undeclared identifier is reported only once for each function it appears in
configure:16530: $? = 1
configure: failed program was:
| /* confdefs.h */
| #define PACKAGE_NAME "rtorrent"
| #define PACKAGE_TARNAME "rtorrent"
| #define PACKAGE_VERSION "0.9.4"
| #define PACKAGE_STRING "rtorrent 0.9.4"
| #define PACKAGE_BUGREPORT "sundell.software@gmail.com"
| #define PACKAGE_URL ""
| #define API_VERSION 8
| #define PACKAGE "rtorrent"
| #define VERSION "0.9.4"
| #define STDC_HEADERS 1
| #define HAVE_SYS_TYPES_H 1
| #define HAVE_SYS_STAT_H 1
| #define HAVE_STDLIB_H 1
| #define HAVE_STRING_H 1
| #define HAVE_MEMORY_H 1
| #define HAVE_STRINGS_H 1
| #define HAVE_INTTYPES_H 1
| #define HAVE_STDINT_H 1
| #define HAVE_UNISTD_H 1
| #define HAVE_DLFCN_H 1
| #define LT_OBJDIR ".libs/"
| #define HAVE_TR1 1
| #define USE_EXECINFO 1
| #define USE_VARIABLE_FDSET 1
| #define HAVE_SYS_VFS_H 1
| #define HAVE_SYS_STATVFS_H 1
| #define HAVE_SYS_STATFS_H 1
| #define FS_STAT_FD fstatvfs(fd, &m_stat) == 0
| #define FS_STAT_FN statvfs(fn, &m_stat) == 0
| #define FS_STAT_STRUCT struct statvfs
| #define FS_STAT_SIZE_TYPE unsigned long
| #define FS_STAT_COUNT_TYPE fsblkcnt_t
| #define FS_STAT_BLOCK_SIZE (m_stat.f_frsize)
| /* end confdefs.h.  */
| 
|                     #include <pthread.h>
| int
| main ()
| {
| int i = PTHREAD_PRIO_INHERIT;
|   ;
|   return 0;
| }
configure:16539: result: no
configure:16657: checking for NcursesW wide-character library
configure:16681: gcc -o conftest -g -O2   conftest.c  -lncursesw >&5
/usr/bin/ld: cannot find -lncursesw
collect2: error: ld returned 1 exit status
configure:16681: $? = 1
configure: failed program was:
| /* confdefs.h */
| #define PACKAGE_NAME "rtorrent"
| #define PACKAGE_TARNAME "rtorrent"
| #define PACKAGE_VERSION "0.9.4"
| #define PACKAGE_STRING "rtorrent 0.9.4"
| #define PACKAGE_BUGREPORT "sundell.software@gmail.com"
| #define PACKAGE_URL ""
| #define API_VERSION 8
| #define PACKAGE "rtorrent"
| #define VERSION "0.9.4"
| #define STDC_HEADERS 1
| #define HAVE_SYS_TYPES_H 1
| #define HAVE_SYS_STAT_H 1
| #define HAVE_STDLIB_H 1
| #define HAVE_STRING_H 1
| #define HAVE_MEMORY_H 1
| #define HAVE_STRINGS_H 1
| #define HAVE_INTTYPES_H 1
| #define HAVE_STDINT_H 1
| #define HAVE_UNISTD_H 1
| #define HAVE_DLFCN_H 1
| #define LT_OBJDIR ".libs/"
| #define HAVE_TR1 1
| #define USE_EXECINFO 1
| #define USE_VARIABLE_FDSET 1
| #define HAVE_SYS_VFS_H 1
| #define HAVE_SYS_STATVFS_H 1
| #define HAVE_SYS_STATFS_H 1
| #define FS_STAT_FD fstatvfs(fd, &m_stat) == 0
| #define FS_STAT_FN statvfs(fn, &m_stat) == 0
| #define FS_STAT_STRUCT struct statvfs
| #define FS_STAT_SIZE_TYPE unsigned long
| #define FS_STAT_COUNT_TYPE fsblkcnt_t
| #define FS_STAT_BLOCK_SIZE (m_stat.f_frsize)
| #define HAVE_PTHREAD 1
| /* end confdefs.h.  */
| 
| /* Override any GCC internal prototype to avoid an error.
|    Use char because int might match the return type of a GCC
|    builtin and then its argument prototype would still apply.  */
| #ifdef __cplusplus
| extern "C"
| #endif
| char initscr ();
| int
| main ()
| {
| return initscr ();
|   ;
|   return 0;
| }
configure:16690: result: no
configure:17034: checking for Ncurses library
configure:17058: gcc -o conftest -g -O2   conftest.c  -lncurses >&5
configure:17058: $? = 0
configure:17067: result: yes
configure:17087: checking for working ncurses/curses.h
configure:17114: gcc -o conftest -g -O2   conftest.c  -lncurses >&5
conftest.c:40:52: fatal error: ncurses/curses.h: No such file or directory
compilation terminated.
configure:17114: $? = 1
configure: failed program was:
| /* confdefs.h */
| #define PACKAGE_NAME "rtorrent"
| #define PACKAGE_TARNAME "rtorrent"
| #define PACKAGE_VERSION "0.9.4"
| #define PACKAGE_STRING "rtorrent 0.9.4"
| #define PACKAGE_BUGREPORT "sundell.software@gmail.com"
| #define PACKAGE_URL ""
| #define API_VERSION 8
| #define PACKAGE "rtorrent"
| #define VERSION "0.9.4"
| #define STDC_HEADERS 1
| #define HAVE_SYS_TYPES_H 1
| #define HAVE_SYS_STAT_H 1
| #define HAVE_STDLIB_H 1
| #define HAVE_STRING_H 1
| #define HAVE_MEMORY_H 1
| #define HAVE_STRINGS_H 1
| #define HAVE_INTTYPES_H 1
| #define HAVE_STDINT_H 1
| #define HAVE_UNISTD_H 1
| #define HAVE_DLFCN_H 1
| #define LT_OBJDIR ".libs/"
| #define HAVE_TR1 1
| #define USE_EXECINFO 1
| #define USE_VARIABLE_FDSET 1
| #define HAVE_SYS_VFS_H 1
| #define HAVE_SYS_STATVFS_H 1
| #define HAVE_SYS_STATFS_H 1
| #define FS_STAT_FD fstatvfs(fd, &m_stat) == 0
| #define FS_STAT_FN statvfs(fn, &m_stat) == 0
| #define FS_STAT_STRUCT struct statvfs
| #define FS_STAT_SIZE_TYPE unsigned long
| #define FS_STAT_COUNT_TYPE fsblkcnt_t
| #define FS_STAT_BLOCK_SIZE (m_stat.f_frsize)
| #define HAVE_PTHREAD 1
| #define HAVE_NCURSES 1
| #define HAVE_CURSES 1
| /* end confdefs.h.  */
| 
|                         #include <ncurses/curses.h>
| 
| int
| main ()
| {
| 
|                         chtype a = A_BOLD;
|                         int b = KEY_LEFT;
|                         chtype c = COLOR_PAIR(1) & A_COLOR;
|                         int g = getattrs(stdscr);
|                         int h = getcurx(stdscr) + getmaxx(stdscr);
|                         initscr();
|                         init_pair(1, COLOR_WHITE, COLOR_RED);
| 
|   ;
|   return 0;
| }
configure:17123: result: no
configure:17141: checking for working ncurses.h
configure:17168: gcc -o conftest -g -O2   conftest.c  -lncurses >&5
configure:17168: $? = 0
configure:17177: result: yes
configure:17558: checking for pkg-config
configure:17576: found /usr/bin/pkg-config
configure:17588: result: /usr/bin/pkg-config
configure:17613: checking pkg-config is at least version 0.9.0
configure:17616: result: yes
configure:17626: checking for libcurl
configure:17633: $PKG_CONFIG --exists --print-errors "libcurl >= 7.15.4"
configure:17636: $? = 0
configure:17650: $PKG_CONFIG --exists --print-errors "libcurl >= 7.15.4"
configure:17653: $? = 0
configure:17711: result: yes
configure:17719: checking for libtorrent
configure:17726: $PKG_CONFIG --exists --print-errors "libtorrent >= 0.13.4"
configure:17729: $? = 0
configure:17743: $PKG_CONFIG --exists --print-errors "libtorrent >= 0.13.4"
configure:17746: $? = 0
configure:17804: result: yes
configure:17817: checking for XMLRPC-C
configure:17880: result: ignored
configure:17902: checking for posix_memalign
configure:17902: gcc -o conftest -g -O2 -pthread    conftest.c  -lncurses  -lcurl   -L/usr/local/lib -ltorrent   >&5
configure:17902: $? = 0
configure:17902: result: yes
configure:17912: checking for cacheline
configure:17924: gcc -c -g -O2 -pthread   conftest.c >&5
conftest.c:47:35: fatal error: linux/cache.h: No such file or directory
compilation terminated.
configure:17924: $? = 1
configure: failed program was:
| /* confdefs.h */
| #define PACKAGE_NAME "rtorrent"
| #define PACKAGE_TARNAME "rtorrent"
| #define PACKAGE_VERSION "0.9.4"
| #define PACKAGE_STRING "rtorrent 0.9.4"
| #define PACKAGE_BUGREPORT "sundell.software@gmail.com"
| #define PACKAGE_URL ""
| #define API_VERSION 8
| #define PACKAGE "rtorrent"
| #define VERSION "0.9.4"
| #define STDC_HEADERS 1
| #define HAVE_SYS_TYPES_H 1
| #define HAVE_SYS_STAT_H 1
| #define HAVE_STDLIB_H 1
| #define HAVE_STRING_H 1
| #define HAVE_MEMORY_H 1
| #define HAVE_STRINGS_H 1
| #define HAVE_INTTYPES_H 1
| #define HAVE_STDINT_H 1
| #define HAVE_UNISTD_H 1
| #define HAVE_DLFCN_H 1
| #define LT_OBJDIR ".libs/"
| #define HAVE_TR1 1
| #define USE_EXECINFO 1
| #define USE_VARIABLE_FDSET 1
| #define HAVE_SYS_VFS_H 1
| #define HAVE_SYS_STATVFS_H 1
| #define HAVE_SYS_STATFS_H 1
| #define FS_STAT_FD fstatvfs(fd, &m_stat) == 0
| #define FS_STAT_FN statvfs(fn, &m_stat) == 0
| #define FS_STAT_STRUCT struct statvfs
| #define FS_STAT_SIZE_TYPE unsigned long
| #define FS_STAT_COUNT_TYPE fsblkcnt_t
| #define FS_STAT_BLOCK_SIZE (m_stat.f_frsize)
| #define HAVE_PTHREAD 1
| #define HAVE_NCURSES 1
| #define HAVE_CURSES 1
| #define HAVE_CURSES_COLOR 1
| #define HAVE_CURSES_OBSOLETE 1
| #define HAVE_NCURSES_H 1
| #define HAVE_CONFIG_H 1
| #define USER_AGENT std::string(PACKAGE "/" VERSION "/") + torrent::version()
| #define HAVE_POSIX_MEMALIGN 1
| /* end confdefs.h.  */
| 
|       #include <stdlib.h>
|           #include <linux/cache.h>
|           void* vptr __cacheline_aligned;
|           void f() { posix_memalign(&vptr, SMP_CACHE_BYTES, 42); }
| 
configure:17939: result: using default 128 bytes
configure:17952: checking for __builtin_popcount
configure:17961: gcc -c -g -O2 -pthread   conftest.c >&5
configure:17961: $? = 0
configure:17963: result: yes
configure:17979: checking if compiler supports __attribute__((unused))
configure:17990: gcc -c -g -O2 -pthread   conftest.c >&5
configure:17990: $? = 0
configure:17998: result: yes
configure:18153: creating ./config.status

## ---------------------- ##
## Running config.status. ##
## ---------------------- ##

This file was extended by rtorrent config.status 0.9.4, which was
generated by GNU Autoconf 2.69.  Invocation command line was

  CONFIG_FILES    = 
  CONFIG_HEADERS  = 
  CONFIG_LINKS    = 
  CONFIG_COMMANDS = 
  $ ./config.status 

on ReimuHakurei

config.status:1190: creating Makefile
config.status:1190: creating doc/Makefile
config.status:1190: creating src/Makefile
config.status:1190: creating src/core/Makefile
config.status:1190: creating src/display/Makefile
config.status:1190: creating src/input/Makefile
config.status:1190: creating src/rpc/Makefile
config.status:1190: creating src/ui/Makefile
config.status:1190: creating src/utils/Makefile
config.status:1190: creating test/Makefile
config.status:1190: creating config.h
config.status:1419: executing depfiles commands
config.status:1419: executing libtool commands

## ---------------- ##
## Cache variables. ##
## ---------------- ##

ac_cv_build=x86_64-unknown-linux-gnu
ac_cv_c_compiler_gnu=yes
ac_cv_cxx_compiler_gnu=yes
ac_cv_env_CCC_set=
ac_cv_env_CCC_value=
ac_cv_env_CC_set=
ac_cv_env_CC_value=
ac_cv_env_CFLAGS_set=
ac_cv_env_CFLAGS_value=
ac_cv_env_CPPFLAGS_set=
ac_cv_env_CPPFLAGS_value=
ac_cv_env_CPP_set=
ac_cv_env_CPP_value=
ac_cv_env_CURSES_LIB_set=
ac_cv_env_CURSES_LIB_value=
ac_cv_env_CXXCPP_set=
ac_cv_env_CXXCPP_value=
ac_cv_env_CXXFLAGS_set=
ac_cv_env_CXXFLAGS_value=
ac_cv_env_CXX_set=
ac_cv_env_CXX_value=
ac_cv_env_LDFLAGS_set=
ac_cv_env_LDFLAGS_value=
ac_cv_env_LIBS_set=
ac_cv_env_LIBS_value=
ac_cv_env_PKG_CONFIG_LIBDIR_set=
ac_cv_env_PKG_CONFIG_LIBDIR_value=
ac_cv_env_PKG_CONFIG_PATH_set=set
ac_cv_env_PKG_CONFIG_PATH_value=/usr/local/lib/pkgconfig
ac_cv_env_PKG_CONFIG_set=
ac_cv_env_PKG_CONFIG_value=
ac_cv_env_build_alias_set=
ac_cv_env_build_alias_value=
ac_cv_env_host_alias_set=
ac_cv_env_host_alias_value=
ac_cv_env_libcurl_CFLAGS_set=
ac_cv_env_libcurl_CFLAGS_value=
ac_cv_env_libcurl_LIBS_set=
ac_cv_env_libcurl_LIBS_value=
ac_cv_env_libtorrent_CFLAGS_set=
ac_cv_env_libtorrent_CFLAGS_value=
ac_cv_env_libtorrent_LIBS_set=
ac_cv_env_libtorrent_LIBS_value=
ac_cv_env_target_alias_set=
ac_cv_env_target_alias_value=
ac_cv_func_posix_memalign=yes
ac_cv_header_dlfcn_h=yes
ac_cv_header_inttypes_h=yes
ac_cv_header_memory_h=yes
ac_cv_header_stdc=yes
ac_cv_header_stdint_h=yes
ac_cv_header_stdlib_h=yes
ac_cv_header_string_h=yes
ac_cv_header_strings_h=yes
ac_cv_header_sys_stat_h=yes
ac_cv_header_sys_statfs_h=yes
ac_cv_header_sys_statvfs_h=yes
ac_cv_header_sys_types_h=yes
ac_cv_header_sys_vfs_h=yes
ac_cv_header_unistd_h=yes
ac_cv_host=x86_64-unknown-linux-gnu
ac_cv_objext=o
ac_cv_path_CPPUNIT_CONFIG=/usr/bin/cppunit-config
ac_cv_path_EGREP='/bin/grep -E'
ac_cv_path_FGREP='/bin/grep -F'
ac_cv_path_GREP=/bin/grep
ac_cv_path_SED=/bin/sed
ac_cv_path_ac_pt_PKG_CONFIG=/usr/bin/pkg-config
ac_cv_path_install='/usr/bin/install -c'
ac_cv_path_mkdir=/bin/mkdir
ac_cv_prog_AWK=gawk
ac_cv_prog_CPP='gcc -E'
ac_cv_prog_CXXCPP='g++ -E'
ac_cv_prog_ac_ct_AR=ar
ac_cv_prog_ac_ct_CC=gcc
ac_cv_prog_ac_ct_CXX=g++
ac_cv_prog_ac_ct_MANIFEST_TOOL=mt
ac_cv_prog_ac_ct_OBJDUMP=objdump
ac_cv_prog_ac_ct_RANLIB=ranlib
ac_cv_prog_ac_ct_STRIP=strip
ac_cv_prog_cc_c89=
ac_cv_prog_cc_g=yes
ac_cv_prog_cxx_g=yes
ac_cv_prog_make_make_set=yes
ac_cv_sys_file_offset_bits=no
ac_cv_sys_largefile_CC=no
am_cv_CC_dependencies_compiler_type=gcc3
am_cv_CXX_dependencies_compiler_type=gcc3
ax_cv_PTHREAD_PRIO_INHERIT=no
ax_cv_curses=yes
ax_cv_curses_color=yes
ax_cv_curses_enhanced=no
ax_cv_curses_obsolete=yes
ax_cv_curses_which=ncurses
ax_cv_header_ncurses_curses_h=no
ax_cv_header_ncurses_h=yes
ax_cv_ncurses=yes
ax_cv_ncursesw=no
cc_cv_attribute_unused=yes
lt_cv_ar_at_file=@
lt_cv_archive_cmds_need_lc=no
lt_cv_deplibs_check_method=pass_all
lt_cv_file_magic_cmd='$MAGIC_CMD'
lt_cv_file_magic_test_file=
lt_cv_ld_reload_flag=-r
lt_cv_nm_interface='BSD nm'
lt_cv_objdir=.libs
lt_cv_path_LD=/usr/bin/ld
lt_cv_path_LDCXX='/usr/bin/ld -m elf_x86_64'
lt_cv_path_NM='/usr/bin/nm -B'
lt_cv_path_mainfest_tool=no
lt_cv_prog_compiler_c_o=yes
lt_cv_prog_compiler_c_o_CXX=yes
lt_cv_prog_compiler_pic='-fPIC -DPIC'
lt_cv_prog_compiler_pic_CXX='-fPIC -DPIC'
lt_cv_prog_compiler_pic_works=yes
lt_cv_prog_compiler_pic_works_CXX=yes
lt_cv_prog_compiler_rtti_exceptions=no
lt_cv_prog_compiler_static_works=yes
lt_cv_prog_compiler_static_works_CXX=yes
lt_cv_prog_gnu_ld=yes
lt_cv_prog_gnu_ldcxx=yes
lt_cv_sharedlib_from_linklib_cmd='printf %s\n'
lt_cv_shlibpath_overrides_runpath=no
lt_cv_sys_global_symbol_pipe='sed -n -e '\''s/^.*[	 ]\([ABCDGIRSTW][ABCDGIRSTW]*\)[	 ][	 ]*\([_A-Za-z][_A-Za-z0-9]*\)$/\1 \2 \2/p'\'' | sed '\''/ __gnu_lto/d'\'''
lt_cv_sys_global_symbol_to_c_name_address='sed -n -e '\''s/^: \([^ ]*\)[ ]*$/  {\"\1\", (void *) 0},/p'\'' -e '\''s/^[ABCDGIRSTW]* \([^ ]*\) \([^ ]*\)$/  {"\2", (void *) \&\2},/p'\'''
lt_cv_sys_global_symbol_to_c_name_address_lib_prefix='sed -n -e '\''s/^: \([^ ]*\)[ ]*$/  {\"\1\", (void *) 0},/p'\'' -e '\''s/^[ABCDGIRSTW]* \([^ ]*\) \(lib[^ ]*\)$/  {"\2", (void *) \&\2},/p'\'' -e '\''s/^[ABCDGIRSTW]* \([^ ]*\) \([^ ]*\)$/  {"lib\2", (void *) \&\2},/p'\'''
lt_cv_sys_global_symbol_to_cdecl='sed -n -e '\''s/^T .* \(.*\)$/extern int \1();/p'\'' -e '\''s/^[ABCDGIRSTW]* .* \(.*\)$/extern char \1;/p'\'''
lt_cv_sys_max_cmd_len=1572864
lt_cv_to_host_file_cmd=func_convert_file_noop
lt_cv_to_tool_file_cmd=func_convert_file_noop
pkg_cv_libcurl_CFLAGS=' '
pkg_cv_libcurl_LIBS='-lcurl  '
pkg_cv_libtorrent_CFLAGS='-I/usr/local/include  '
pkg_cv_libtorrent_LIBS='-L/usr/local/lib -ltorrent  '

## ----------------- ##
## Output variables. ##
## ----------------- ##

ACLOCAL='${SHELL} /home/ken/wibed/src/rtorrent-0.9.4/missing --run aclocal-1.11'
AMDEPBACKSLASH='\'
AMDEP_FALSE='#'
AMDEP_TRUE=''
AMTAR='$${TAR-tar}'
AR='ar'
AUTOCONF='${SHELL} /home/ken/wibed/src/rtorrent-0.9.4/missing --run autoconf'
AUTOHEADER='${SHELL} /home/ken/wibed/src/rtorrent-0.9.4/missing --run autoheader'
AUTOMAKE='${SHELL} /home/ken/wibed/src/rtorrent-0.9.4/missing --run automake-1.11'
AWK='gawk'
CC='gcc'
CCDEPMODE='depmode=gcc3'
CFLAGS='-g -O2 -pthread '
CPP='gcc -E'
CPPFLAGS=''
CPPUNIT_CFLAGS=''
CPPUNIT_CONFIG='/usr/bin/cppunit-config'
CPPUNIT_LIBS='-lcppunit -ldl'
CURSES_LIB='-lncurses'
CXX='g++'
CXXCPP='g++ -E'
CXXDEPMODE='depmode=gcc3'
CXXFLAGS='-g -O2 -g -DDEBUG -pthread    -I/usr/local/include  '
CYGPATH_W='echo'
DEFS='-DHAVE_CONFIG_H'
DEPDIR='.deps'
DLLTOOL='false'
DSYMUTIL=''
DUMPBIN=''
ECHO_C=''
ECHO_N='-n'
ECHO_T=''
EGREP='/bin/grep -E'
EXEEXT=''
FGREP='/bin/grep -F'
GREP='/bin/grep'
INSTALL_DATA='${INSTALL} -m 644'
INSTALL_PROGRAM='${INSTALL}'
INSTALL_SCRIPT='${INSTALL}'
INSTALL_STRIP_PROGRAM='$(install_sh) -c -s'
LD='/usr/bin/ld -m elf_x86_64'
LDFLAGS=''
LIBOBJS=''
LIBS=' -lncurses  -lcurl   -L/usr/local/lib -ltorrent  '
LIBTOOL='$(SHELL) $(top_builddir)/libtool'
LIPO=''
LN_S='ln -s'
LTLIBOBJS=''
MAKEINFO='${SHELL} /home/ken/wibed/src/rtorrent-0.9.4/missing --run makeinfo'
MANIFEST_TOOL=':'
MKDIR_P='/bin/mkdir -p'
NM='/usr/bin/nm -B'
NMEDIT=''
OBJDUMP='objdump'
OBJEXT='o'
OTOOL64=''
OTOOL=''
PACKAGE='rtorrent'
PACKAGE_BUGREPORT='sundell.software@gmail.com'
PACKAGE_NAME='rtorrent'
PACKAGE_STRING='rtorrent 0.9.4'
PACKAGE_TARNAME='rtorrent'
PACKAGE_URL=''
PACKAGE_VERSION='0.9.4'
PATH_SEPARATOR=':'
PKG_CONFIG='/usr/bin/pkg-config'
PKG_CONFIG_LIBDIR=''
PKG_CONFIG_PATH='/usr/local/lib/pkgconfig'
PTHREAD_CC='gcc'
PTHREAD_CFLAGS='-pthread'
PTHREAD_LIBS=''
RANLIB='ranlib'
SED='/bin/sed'
SET_MAKE=''
SHELL='/bin/bash'
STRIP='strip'
VERSION='0.9.4'
ac_ct_AR='ar'
ac_ct_CC='gcc'
ac_ct_CXX='g++'
ac_ct_DUMPBIN=''
am__EXEEXT_FALSE=''
am__EXEEXT_TRUE='#'
am__fastdepCC_FALSE='#'
am__fastdepCC_TRUE=''
am__fastdepCXX_FALSE='#'
am__fastdepCXX_TRUE=''
am__include='include'
am__isrc=''
am__leading_dot='.'
am__nodep='_no'
am__quote=''
am__tar='$${TAR-tar} chof - "$$tardir"'
am__untar='$${TAR-tar} xf -'
ax_pthread_config=''
bindir='${exec_prefix}/bin'
build='x86_64-unknown-linux-gnu'
build_alias=''
build_cpu='x86_64'
build_os='linux-gnu'
build_vendor='unknown'
datadir='${datarootdir}'
datarootdir='${prefix}/share'
docdir='${datarootdir}/doc/${PACKAGE_TARNAME}'
dvidir='${docdir}'
exec_prefix='${prefix}'
host='x86_64-unknown-linux-gnu'
host_alias=''
host_cpu='x86_64'
host_os='linux-gnu'
host_vendor='unknown'
htmldir='${docdir}'
includedir='${prefix}/include'
infodir='${datarootdir}/info'
install_sh='${SHELL} /home/ken/wibed/src/rtorrent-0.9.4/install-sh'
libcurl_CFLAGS=' '
libcurl_LIBS='-lcurl  '
libdir='${exec_prefix}/lib'
libexecdir='${exec_prefix}/libexec'
libtorrent_CFLAGS='-I/usr/local/include  '
libtorrent_LIBS='-L/usr/local/lib -ltorrent  '
localedir='${datarootdir}/locale'
localstatedir='${prefix}/var'
mandir='${datarootdir}/man'
mkdir_p='/bin/mkdir -p'
oldincludedir='/usr/include'
pdfdir='${docdir}'
prefix='/usr/local'
program_transform_name='s,x,x,'
psdir='${docdir}'
sbindir='${exec_prefix}/sbin'
sharedstatedir='${prefix}/com'
sysconfdir='${prefix}/etc'
target_alias=''

## ----------- ##
## confdefs.h. ##
## ----------- ##

/* confdefs.h */
#define PACKAGE_NAME "rtorrent"
#define PACKAGE_TARNAME "rtorrent"
#define PACKAGE_VERSION "0.9.4"
#define PACKAGE_STRING "rtorrent 0.9.4"
#define PACKAGE_BUGREPORT "sundell.software@gmail.com"
#define PACKAGE_URL ""
#define API_VERSION 8
#define PACKAGE "rtorrent"
#define VERSION "0.9.4"
#define STDC_HEADERS 1
#define HAVE_SYS_TYPES_H 1
#define HAVE_SYS_STAT_H 1
#define HAVE_STDLIB_H 1
#define HAVE_STRING_H 1
#define HAVE_MEMORY_H 1
#define HAVE_STRINGS_H 1
#define HAVE_INTTYPES_H 1
#define HAVE_STDINT_H 1
#define HAVE_UNISTD_H 1
#define HAVE_DLFCN_H 1
#define LT_OBJDIR ".libs/"
#define HAVE_TR1 1
#define USE_EXECINFO 1
#define USE_VARIABLE_FDSET 1
#define HAVE_SYS_VFS_H 1
#define HAVE_SYS_STATVFS_H 1
#define HAVE_SYS_STATFS_H 1
#define FS_STAT_FD fstatvfs(fd, &m_stat) == 0
#define FS_STAT_FN statvfs(fn, &m_stat) == 0
#define FS_STAT_STRUCT struct statvfs
#define FS_STAT_SIZE_TYPE unsigned long
#define FS_STAT_COUNT_TYPE fsblkcnt_t
#define FS_STAT_BLOCK_SIZE (m_stat.f_frsize)
#define HAVE_PTHREAD 1
#define HAVE_NCURSES 1
#define HAVE_CURSES 1
#define HAVE_CURSES_COLOR 1
#define HAVE_CURSES_OBSOLETE 1
#define HAVE_NCURSES_H 1
#define HAVE_CONFIG_H 1
#define USER_AGENT std::string(PACKAGE "/" VERSION "/") + torrent::version()
#define HAVE_POSIX_MEMALIGN 1
#define LT_SMP_CACHE_BYTES 128
#define lt_cacheline_aligned __attribute__((__aligned__(LT_SMP_CACHE_BYTES)))
#define USE_BUILTIN_POPCOUNT 1
#define SUPPORT_ATTRIBUTE_UNUSED 1
#define __UNUSED __attribute__((unused))

configure: exit 0

## ---------------------- ##
## Running config.status. ##
## ---------------------- ##

This file was extended by rtorrent config.status 0.9.4, which was
generated by GNU Autoconf 2.69.  Invocation command line was

  CONFIG_FILES    = 
  CONFIG_HEADERS  = 
  CONFIG_LINKS    = 
  CONFIG_COMMANDS = 
  $ ./config.status config.h

on ReimuHakurei

config.status:1190: creating config.h
config.status:1371: config.h is unchanged
